[debug] [2024-03-27T12:16:06.236Z] ----------------------------------------------------------------------
[debug] [2024-03-27T12:16:06.239Z] Command:       C:\Program Files\nodejs\node.exe C:\Users\rocky\AppData\Roaming\npm\node_modules\firebase-tools\lib\bin\firebase.js deploy
[debug] [2024-03-27T12:16:06.240Z] CLI Version:   13.4.1
[debug] [2024-03-27T12:16:06.240Z] Platform:      win32
[debug] [2024-03-27T12:16:06.241Z] Node Version:  v18.14.0
[debug] [2024-03-27T12:16:06.242Z] Time:          Wed Mar 27 2024 17:46:06 GMT+0530 (India Standard Time)
[debug] [2024-03-27T12:16:06.242Z] ----------------------------------------------------------------------
[debug] 
[debug] [2024-03-27T12:16:06.247Z] >>> [apiv2][query] GET https://firebase-public.firebaseio.com/cli.json [none]
[debug] [2024-03-27T12:16:06.420Z] > command requires scopes: ["email","openid","https://www.googleapis.com/auth/cloudplatformprojects.readonly","https://www.googleapis.com/auth/firebase","https://www.googleapis.com/auth/cloud-platform"]
[debug] [2024-03-27T12:16:06.420Z] > authorizing via signed-in user (satyamaman87@gmail.com)
[debug] [2024-03-27T12:16:06.421Z] [iam] checking project fullstack-food-app-9302e for permissions ["firebase.projects.get","firebasehosting.sites.update"]
[debug] [2024-03-27T12:16:06.422Z] > refreshing access token with scopes: []
[debug] [2024-03-27T12:16:06.423Z] >>> [apiv2][query] POST https://www.googleapis.com/oauth2/v3/token [none]
[debug] [2024-03-27T12:16:06.423Z] >>> [apiv2][body] POST https://www.googleapis.com/oauth2/v3/token [omitted]
[debug] [2024-03-27T12:16:06.911Z] <<< [apiv2][status] POST https://www.googleapis.com/oauth2/v3/token 200
[debug] [2024-03-27T12:16:06.912Z] <<< [apiv2][body] POST https://www.googleapis.com/oauth2/v3/token [omitted]
[debug] [2024-03-27T12:16:06.967Z] >>> [apiv2][query] POST https://cloudresourcemanager.googleapis.com/v1/projects/fullstack-food-app-9302e:testIamPermissions [none]
[debug] [2024-03-27T12:16:06.968Z] >>> [apiv2][(partial)header] POST https://cloudresourcemanager.googleapis.com/v1/projects/fullstack-food-app-9302e:testIamPermissions x-goog-quota-user=projects/fullstack-food-app-9302e
[debug] [2024-03-27T12:16:06.968Z] >>> [apiv2][body] POST https://cloudresourcemanager.googleapis.com/v1/projects/fullstack-food-app-9302e:testIamPermissions {"permissions":["firebase.projects.get","firebasehosting.sites.update"]}
[debug] [2024-03-27T12:16:07.300Z] <<< [apiv2][status] GET https://firebase-public.firebaseio.com/cli.json 200
[debug] [2024-03-27T12:16:07.300Z] <<< [apiv2][body] GET https://firebase-public.firebaseio.com/cli.json {"cloudBuildErrorAfter":1594252800000,"cloudBuildWarnAfter":1590019200000,"defaultNode10After":1594252800000,"minVersion":"3.0.5","node8DeploysDisabledAfter":1613390400000,"node8RuntimeDisabledAfter":1615809600000,"node8WarnAfter":1600128000000}
[debug] [2024-03-27T12:16:08.837Z] <<< [apiv2][status] POST https://cloudresourcemanager.googleapis.com/v1/projects/fullstack-food-app-9302e:testIamPermissions 200
[debug] [2024-03-27T12:16:08.838Z] <<< [apiv2][body] POST https://cloudresourcemanager.googleapis.com/v1/projects/fullstack-food-app-9302e:testIamPermissions {}
[debug] [2024-03-27T12:16:08.838Z] [iam] error while checking permissions, command may fail: FirebaseError: Authorization failed. This account is missing the following required permissions on project fullstack-food-app-9302e:

  firebase.projects.get
  firebasehosting.sites.update
[debug] [2024-03-27T12:16:08.842Z] >>> [apiv2][query] GET https://firebase.googleapis.com/v1beta1/projects/fullstack-food-app-9302e [none]
[debug] [2024-03-27T12:16:09.452Z] <<< [apiv2][status] GET https://firebase.googleapis.com/v1beta1/projects/fullstack-food-app-9302e 403
[debug] [2024-03-27T12:16:09.453Z] <<< [apiv2][body] GET https://firebase.googleapis.com/v1beta1/projects/fullstack-food-app-9302e {"error":{"code":403,"message":"The caller does not have permission","status":"PERMISSION_DENIED"}}
[debug] [2024-03-27T12:16:09.455Z] HTTP Error: 403, The caller does not have permission
[error] 
[error] Error: Assertion failed: resolving hosting target of a site with no site name or target name. This should have caused an error earlier
[debug] [2024-03-27T12:17:58.299Z] ----------------------------------------------------------------------
[debug] [2024-03-27T12:17:58.302Z] Command:       C:\Program Files\nodejs\node.exe C:\Users\rocky\AppData\Roaming\npm\node_modules\firebase-tools\lib\bin\firebase.js init
[debug] [2024-03-27T12:17:58.302Z] CLI Version:   13.4.1
[debug] [2024-03-27T12:17:58.303Z] Platform:      win32
[debug] [2024-03-27T12:17:58.303Z] Node Version:  v18.14.0
[debug] [2024-03-27T12:17:58.306Z] Time:          Wed Mar 27 2024 17:47:58 GMT+0530 (India Standard Time)
[debug] [2024-03-27T12:17:58.306Z] ----------------------------------------------------------------------
[debug] 
[debug] [2024-03-27T12:17:58.468Z] > command requires scopes: ["email","openid","https://www.googleapis.com/auth/cloudplatformprojects.readonly","https://www.googleapis.com/auth/firebase","https://www.googleapis.com/auth/cloud-platform"]
[debug] [2024-03-27T12:17:58.469Z] > authorizing via signed-in user (satyamaman87@gmail.com)
[info] 
     ######## #### ########  ######## ########     ###     ######  ########
     ##        ##  ##     ## ##       ##     ##  ##   ##  ##       ##
     ######    ##  ########  ######   ########  #########  ######  ######
     ##        ##  ##    ##  ##       ##     ## ##     ##       ## ##
     ##       #### ##     ## ######## ########  ##     ##  ######  ########

You're about to initialize a Firebase project in this directory:

  D:\foodapp-yt-mar22-master

Before we get started, keep in mind:

  * You are initializing within an existing Firebase project directory

[info] 
=== Project Setup
[info] 
[info] First, let's associate this project directory with a Firebase project.
[info] You can create multiple project aliases by running firebase use --add, 
[info] but for now we'll just set up a default project.
[info] 
[debug] [2024-03-27T12:18:03.203Z] Using project from CLI flag: fullstack-food-app-9302e
[debug] [2024-03-27T12:18:03.209Z] >>> [apiv2][query] GET https://firebase.googleapis.com/v1beta1/projects/fullstack-food-app-9302e [none]
[debug] [2024-03-27T12:18:04.165Z] <<< [apiv2][status] GET https://firebase.googleapis.com/v1beta1/projects/fullstack-food-app-9302e 403
[debug] [2024-03-27T12:18:04.166Z] <<< [apiv2][body] GET https://firebase.googleapis.com/v1beta1/projects/fullstack-food-app-9302e {"error":{"code":403,"message":"The caller does not have permission","status":"PERMISSION_DENIED"}}
[debug] [2024-03-27T12:18:04.167Z] HTTP Error: 403, The caller does not have permission
[debug] [2024-03-27T12:18:04.473Z] FirebaseError: HTTP Error: 403, The caller does not have permission
    at responseToError (C:\Users\rocky\AppData\Roaming\npm\node_modules\firebase-tools\lib\responseToError.js:49:12)
    at RetryOperation._fn (C:\Users\rocky\AppData\Roaming\npm\node_modules\firebase-tools\lib\apiv2.js:297:77)
    at process.processTicksAndRejections (node:internal/process/task_queues:95:5)
[error] 
[error] Error: Failed to get Firebase project fullstack-food-app-9302e. Please make sure the project exists and your account has permission to access it.
[debug] [2024-03-27T12:18:15.564Z] ----------------------------------------------------------------------
[debug] [2024-03-27T12:18:15.567Z] Command:       C:\Program Files\nodejs\node.exe C:\Users\rocky\AppData\Roaming\npm\node_modules\firebase-tools\lib\bin\firebase.js init
[debug] [2024-03-27T12:18:15.568Z] CLI Version:   13.4.1
[debug] [2024-03-27T12:18:15.568Z] Platform:      win32
[debug] [2024-03-27T12:18:15.569Z] Node Version:  v18.14.0
[debug] [2024-03-27T12:18:15.570Z] Time:          Wed Mar 27 2024 17:48:15 GMT+0530 (India Standard Time)
[debug] [2024-03-27T12:18:15.570Z] ----------------------------------------------------------------------
[debug] 
[debug] [2024-03-27T12:18:15.680Z] > command requires scopes: ["email","openid","https://www.googleapis.com/auth/cloudplatformprojects.readonly","https://www.googleapis.com/auth/firebase","https://www.googleapis.com/auth/cloud-platform"]
[debug] [2024-03-27T12:18:15.681Z] > authorizing via signed-in user (satyamaman87@gmail.com)
[info] 
     ######## #### ########  ######## ########     ###     ######  ########
     ##        ##  ##     ## ##       ##     ##  ##   ##  ##       ##
     ######    ##  ########  ######   ########  #########  ######  ######
     ##        ##  ##    ##  ##       ##     ## ##     ##       ## ##
     ##       #### ##     ## ######## ########  ##     ##  ######  ########

You're about to initialize a Firebase project in this directory:

  D:\foodapp-yt-mar22-master

Before we get started, keep in mind:

  * You are initializing within an existing Firebase project directory

[info] 
=== Project Setup
[info] 
[info] First, let's associate this project directory with a Firebase project.
[info] You can create multiple project aliases by running firebase use --add, 
[info] but for now we'll just set up a default project.
[info] 
[debug] [2024-03-27T12:18:18.975Z] Using project from CLI flag: fullstack-food-app-9302e
[debug] [2024-03-27T12:18:18.979Z] >>> [apiv2][query] GET https://firebase.googleapis.com/v1beta1/projects/fullstack-food-app-9302e [none]
[debug] [2024-03-27T12:18:19.732Z] <<< [apiv2][status] GET https://firebase.googleapis.com/v1beta1/projects/fullstack-food-app-9302e 403
[debug] [2024-03-27T12:18:19.733Z] <<< [apiv2][body] GET https://firebase.googleapis.com/v1beta1/projects/fullstack-food-app-9302e {"error":{"code":403,"message":"The caller does not have permission","status":"PERMISSION_DENIED"}}
[debug] [2024-03-27T12:18:19.734Z] HTTP Error: 403, The caller does not have permission
[debug] [2024-03-27T12:18:20.020Z] FirebaseError: HTTP Error: 403, The caller does not have permission
    at responseToError (C:\Users\rocky\AppData\Roaming\npm\node_modules\firebase-tools\lib\responseToError.js:49:12)
    at RetryOperation._fn (C:\Users\rocky\AppData\Roaming\npm\node_modules\firebase-tools\lib\apiv2.js:297:77)
    at process.processTicksAndRejections (node:internal/process/task_queues:95:5)
[error] 
[error] Error: Failed to get Firebase project fullstack-food-app-9302e. Please make sure the project exists and your account has permission to access it.
